<?xml version="1.0" encoding="UTF-8"?>
<testng-results ignored="0" total="1" passed="1" failed="0" skipped="0">
  <reporter-output>
  </reporter-output>
  <suite started-at="2023-09-01T14:51:53 IST" name="Suite" finished-at="2023-09-01T14:52:01 IST" duration-ms="7673">
    <groups>
    </groups>
    <test started-at="2023-09-01T14:51:53 IST" name="Test" finished-at="2023-09-01T14:52:01 IST" duration-ms="7673">
      <class name="com.test.orangeFramework.Login">
        <test-method is-config="true" signature="setUp()[pri:0, instance:com.test.orangeFramework.Login@28eaa59a]" started-at="2023-09-01T14:51:53 IST" name="setUp" finished-at="2023-09-01T14:52:00 IST" duration-ms="7265" status="PASS">
          <reporter-output>
          </reporter-output>
        </test-method> <!-- setUp -->
        <test-method signature="login()[pri:0, instance:com.test.orangeFramework.Login@28eaa59a]" started-at="2023-09-01T14:52:00 IST" name="login" finished-at="2023-09-01T14:52:00 IST" duration-ms="111" status="PASS">
          <reporter-output>
          </reporter-output>
        </test-method> <!-- login -->
        <test-method is-config="true" signature="tearDown()[pri:0, instance:com.test.orangeFramework.Login@28eaa59a]" started-at="2023-09-01T14:52:00 IST" name="tearDown" finished-at="2023-09-01T14:52:01 IST" duration-ms="256" status="PASS">
          <reporter-output>
          </reporter-output>
        </test-method> <!-- tearDown -->
      </class> <!-- com.test.orangeFramework.Login -->
    </test> <!-- Test -->
  </suite> <!-- Suite -->
</testng-results>
